<?xml version="1.0" encoding="UTF-8"?>
<!-- Generated by org.testng.reporters.JUnitXMLReporter -->
<testsuite hostname="LPCAIQ0804" ignored="0" name="End To End Test with Chrome browser" tests="15" failures="2" timestamp="2022-09-12T16:03:00 EET" time="137.975" errors="0">
  <testcase name="PerformValidLoginTest" time="11.616" classname="com.OrangeHRM.testcases.LoginPageTest">
    <skipped/>
  </testcase> <!-- PerformValidLoginTest -->
  <testcase name="PerformValidLoginTest" time="11.758" classname="com.OrangeHRM.testcases.LoginPageTest">
    <skipped/>
  </testcase> <!-- PerformValidLoginTest -->
  <testcase name="PerformValidLoginTest" time="11.6" classname="com.OrangeHRM.testcases.LoginPageTest">
    <skipped/>
  </testcase> <!-- PerformValidLoginTest -->
  <testcase name="PerformValidLoginTest" time="11.871" classname="com.OrangeHRM.testcases.LoginPageTest">
    <failure type="org.openqa.selenium.NoSuchElementException" message="no such element: Unable to locate element: {&amp;quot;method&amp;quot;:&amp;quot;link text&amp;quot;,&amp;quot;selector&amp;quot;:&amp;quot;Dashboard&amp;quot;}
  (Session info: chrome=105.0.5195.102)
For documentation on this error, please visit: https://www.seleniumhq.org/exceptions/no_such_element.html
Build info: version: &amp;apos;3.141.59&amp;apos;, revision: &amp;apos;e82be7d358&amp;apos;, time: &amp;apos;2018-11-14T08:17:03&amp;apos;
System info: host: &amp;apos;LPCAIQ0804&amp;apos;, ip: &amp;apos;192.168.10.163&amp;apos;, os.name: &amp;apos;Windows 10&amp;apos;, os.arch: &amp;apos;amd64&amp;apos;, os.version: &amp;apos;10.0&amp;apos;, java.version: &amp;apos;1.8.0_202&amp;apos;
Driver info: org.openqa.selenium.chrome.ChromeDriver
Capabilities {acceptInsecureCerts: false, browserName: chrome, browserVersion: 105.0.5195.102, chrome: {chromedriverVersion: 105.0.5195.52 (412c95e51883..., userDataDir: C:\Users\ihakim\AppData\Loc...}, goog:chromeOptions: {debuggerAddress: localhost:49898}, javascriptEnabled: true, networkConnectionEnabled: false, pageLoadStrategy: normal, platform: WINDOWS, platformName: WINDOWS, proxy: Proxy(), setWindowRect: true, strictFileInteractability: false, timeouts: {implicit: 0, pageLoad: 300000, script: 30000}, unhandledPromptBehavior: dismiss and notify, webauthn:extension:credBlob: true, webauthn:extension:largeBlob: true, webauthn:virtualAuthenticators: true}
Session ID: 24e330edebcaa807201070f4a5fbaba0
*** Element info: {Using=link text, value=Dashboard}">
      <![CDATA[org.openqa.selenium.NoSuchElementException: no such element: Unable to locate element: {"method":"link text","selector":"Dashboard"}
  (Session info: chrome=105.0.5195.102)
For documentation on this error, please visit: https://www.seleniumhq.org/exceptions/no_such_element.html
Build info: version: '3.141.59', revision: 'e82be7d358', time: '2018-11-14T08:17:03'
System info: host: 'LPCAIQ0804', ip: '192.168.10.163', os.name: 'Windows 10', os.arch: 'amd64', os.version: '10.0', java.version: '1.8.0_202'
Driver info: org.openqa.selenium.chrome.ChromeDriver
Capabilities {acceptInsecureCerts: false, browserName: chrome, browserVersion: 105.0.5195.102, chrome: {chromedriverVersion: 105.0.5195.52 (412c95e51883..., userDataDir: C:\Users\ihakim\AppData\Loc...}, goog:chromeOptions: {debuggerAddress: localhost:49898}, javascriptEnabled: true, networkConnectionEnabled: false, pageLoadStrategy: normal, platform: WINDOWS, platformName: WINDOWS, proxy: Proxy(), setWindowRect: true, strictFileInteractability: false, timeouts: {implicit: 0, pageLoad: 300000, script: 30000}, unhandledPromptBehavior: dismiss and notify, webauthn:extension:credBlob: true, webauthn:extension:largeBlob: true, webauthn:virtualAuthenticators: true}
Session ID: 24e330edebcaa807201070f4a5fbaba0
*** Element info: {Using=link text, value=Dashboard}
at org.openqa.selenium.remote.http.W3CHttpResponseCodec.createException(W3CHttpResponseCodec.java:187)
at org.openqa.selenium.remote.http.W3CHttpResponseCodec.decode(W3CHttpResponseCodec.java:122)
at org.openqa.selenium.remote.http.W3CHttpResponseCodec.decode(W3CHttpResponseCodec.java:49)
at org.openqa.selenium.remote.HttpCommandExecutor.execute(HttpCommandExecutor.java:158)
at org.openqa.selenium.remote.service.DriverCommandExecutor.execute(DriverCommandExecutor.java:83)
at org.openqa.selenium.remote.RemoteWebDriver.execute(RemoteWebDriver.java:552)
at org.openqa.selenium.remote.RemoteWebDriver.findElement(RemoteWebDriver.java:323)
at org.openqa.selenium.remote.RemoteWebDriver.findElementByLinkText(RemoteWebDriver.java:380)
at org.openqa.selenium.By$ByLinkText.findElement(By.java:220)
at org.openqa.selenium.remote.RemoteWebDriver.findElement(RemoteWebDriver.java:315)
at org.openqa.selenium.support.events.EventFiringWebDriver.lambda$new$1(EventFiringWebDriver.java:105)
at com.sun.proxy.$Proxy15.findElement(Unknown Source)
at org.openqa.selenium.support.events.EventFiringWebDriver.findElement(EventFiringWebDriver.java:194)
at org.openqa.selenium.support.pagefactory.DefaultElementLocator.findElement(DefaultElementLocator.java:69)
at org.openqa.selenium.support.pagefactory.internal.LocatingElementHandler.invoke(LocatingElementHandler.java:38)
at com.sun.proxy.$Proxy19.getWrappedElement(Unknown Source)
at org.openqa.selenium.remote.internal.WebElementToJsonConverter.apply(WebElementToJsonConverter.java:50)
at java.util.stream.ReferencePipeline$3$1.accept(ReferencePipeline.java:193)
at java.util.Spliterators$ArraySpliterator.forEachRemaining(Spliterators.java:948)
at java.util.stream.AbstractPipeline.copyInto(AbstractPipeline.java:481)
at java.util.stream.AbstractPipeline.wrapAndCopyInto(AbstractPipeline.java:471)
at java.util.stream.ReduceOps$ReduceOp.evaluateSequential(ReduceOps.java:708)
at java.util.stream.AbstractPipeline.evaluate(AbstractPipeline.java:234)
at java.util.stream.ReferencePipeline.collect(ReferencePipeline.java:499)
at org.openqa.selenium.remote.RemoteWebDriver.executeScript(RemoteWebDriver.java:484)
at org.openqa.selenium.support.events.EventFiringWebDriver.lambda$new$1(EventFiringWebDriver.java:105)
at com.sun.proxy.$Proxy15.executeScript(Unknown Source)
at org.openqa.selenium.support.events.EventFiringWebDriver.executeScript(EventFiringWebDriver.java:229)
at com.OrangeHRM.pages.HomePage.DashboardisDisplayed(HomePage.java:31)
at com.OrangeHRM.testcases.LoginPageTest.PerformValidLoginTest(LoginPageTest.java:96)
at java.util.ArrayList.forEach(ArrayList.java:1257)
... Removed 41 stack frames]]>
    </failure>
  </testcase> <!-- PerformValidLoginTest -->
  <testcase name="CheckLoginwithInvalidPasswordOrmail" time="1.989" classname="com.OrangeHRM.testcases.LoginPageTest"/>
  <testcase name="CheckLoginwithInvalidPasswordOrmail" time="1.83" classname="com.OrangeHRM.testcases.LoginPageTest"/>
  <testcase name="CheckLoginwithInvalidPasswordOrmail" time="2.467" classname="com.OrangeHRM.testcases.LoginPageTest"/>
  <testcase name="CheckLoginwithInvalidPasswordOrmail" time="1.375" classname="com.OrangeHRM.testcases.LoginPageTest"/>
  <testcase name="testLogo" time="0.633" classname="com.OrangeHRM.testcases.LoginPageTest">
    <skipped/>
  </testcase> <!-- testLogo -->
  <testcase name="testLogo" time="0.97" classname="com.OrangeHRM.testcases.LoginPageTest">
    <skipped/>
  </testcase> <!-- testLogo -->
  <testcase name="testLogo" time="0.647" classname="com.OrangeHRM.testcases.LoginPageTest">
    <skipped/>
  </testcase> <!-- testLogo -->
  <testcase name="testLogo" time="0.481" classname="com.OrangeHRM.testcases.LoginPageTest">
    <failure type="java.lang.AssertionError" message="Logo is not Found expected [false] but found [true]">
      <![CDATA[java.lang.AssertionError: Logo is not Found expected [false] but found [true]
at com.OrangeHRM.testcases.LoginPageTest.testLogo(LoginPageTest.java:126)
at java.util.ArrayList.forEach(ArrayList.java:1257)
... Removed 35 stack frames]]>
    </failure>
  </testcase> <!-- testLogo -->
  <testcase name="testTitle" time="0.014" classname="com.OrangeHRM.testcases.LoginPageTest"/>
  <testcase name="testURL" time="0.046" classname="com.OrangeHRM.testcases.LoginPageTest"/>
  <testcase name="checkForgotPasswordFunctionality" time="2.394" classname="com.OrangeHRM.testcases.ResetPasswordTest"/>
</testsuite> <!-- End To End Test with Chrome browser -->
